â¯ make install 2>../make_install.log 1>&2
	BASERUBY = echo executable host ruby is required.  use --with-baseruby option.; false
	CC = gcc
	LD = ld
	LDSHARED = gcc -shared
	CFLAGS = -O3 -ggdb3 -Wall -Wextra -Wdeprecated-declarations -Wduplicated-cond -Wimplicit-function-declaration -Wimplicit-int -Wmisleading-indentation -Wpointer-arith -Wwrite-strings -Wimplicit-fallthrough=0 -Wmissing-noreturn -Wno-cast-function-type -Wno-constant-logical-operand -Wno-long-long -Wno-missing-field-initializers -Wno-overlength-strings -Wno-packed-bitfield-compat -Wno-parentheses-equality -Wno-self-assign -Wno-tautological-compare -Wno-unused-parameter -Wno-unused-value -Wsuggest-attribute=format -Wsuggest-attribute=noreturn -Wunused-variable -std=gnu99 
	XCFLAGS = -D_FORTIFY_SOURCE=2 -fstack-protector-strong -fno-strict-overflow -fvisibility=hidden -fexcess-precision=standard -DRUBY_EXPORT -fPIE -DCANONICALIZATION_FOR_MATHN -I. -I.ext/include/x86_64-linux -I./include -I. -I./enc/unicode/12.1.0
	CPPFLAGS =   
	DLDFLAGS = -Wl,--compress-debug-sections=zlib -fstack-protector-strong -pie  
	SOLIBS = -lz -lpthread -lrt -lrt -ldl -lcrypt -lm 
	LANG = en_US.UTF-8
	LC_ALL = 
	LC_CTYPE = 
	MFLAGS = 
gcc (Debian 8.3.0-6) 8.3.0
Copyright (C) 2018 Free Software Foundation, Inc.
This is free software; see the source for copying conditions.  There is NO
warranty; not even for MERCHANTABILITY or FITNESS FOR A PARTICULAR PURPOSE.

./revision.h unchanged
generating enc.mk
making srcs under enc
make[1]: Entering directory '/opt/ruby/archive/source/ruby-2.7.1'
make[1]: Nothing to be done for 'srcs'.
make[1]: Leaving directory '/opt/ruby/archive/source/ruby-2.7.1'
generating transdb.h
transdb.h unchanged
generating makefiles ext/configure-ext.mk
ext/configure-ext.mk unchanged
make[1]: Entering directory '/opt/ruby/archive/source/ruby-2.7.1'
make[2]: Entering directory '/opt/ruby/archive/source/ruby-2.7.1/ext/io/console'
make[2]: Leaving directory '/opt/ruby/archive/source/ruby-2.7.1/ext/io/console'
make[2]: Entering directory '/opt/ruby/archive/source/ruby-2.7.1/ext/monitor'
make[2]: Leaving directory '/opt/ruby/archive/source/ruby-2.7.1/ext/monitor'
make[2]: Entering directory '/opt/ruby/archive/source/ruby-2.7.1/ext/syslog'
make[2]: Leaving directory '/opt/ruby/archive/source/ruby-2.7.1/ext/syslog'
make[2]: Entering directory '/opt/ruby/archive/source/ruby-2.7.1/ext/ripper'
make[2]: Leaving directory '/opt/ruby/archive/source/ruby-2.7.1/ext/ripper'
make[2]: Entering directory '/opt/ruby/archive/source/ruby-2.7.1/ext/coverage'
make[2]: Leaving directory '/opt/ruby/archive/source/ruby-2.7.1/ext/coverage'
make[2]: Entering directory '/opt/ruby/archive/source/ruby-2.7.1/ext/openssl'
make[2]: Leaving directory '/opt/ruby/archive/source/ruby-2.7.1/ext/openssl'
make[2]: Entering directory '/opt/ruby/archive/source/ruby-2.7.1/ext/digest'
make[2]: Leaving directory '/opt/ruby/archive/source/ruby-2.7.1/ext/digest'
make[2]: Entering directory '/opt/ruby/archive/source/ruby-2.7.1/ext/digest/sha2'
make[2]: Leaving directory '/opt/ruby/archive/source/ruby-2.7.1/ext/digest/sha2'
make[2]: Entering directory '/opt/ruby/archive/source/ruby-2.7.1/ext/socket'
make[2]: Leaving directory '/opt/ruby/archive/source/ruby-2.7.1/ext/socket'
make[2]: Entering directory '/opt/ruby/archive/source/ruby-2.7.1/ext/pathname'
make[2]: Leaving directory '/opt/ruby/archive/source/ruby-2.7.1/ext/pathname'
make[2]: Entering directory '/opt/ruby/archive/source/ruby-2.7.1/ext/rubyvm'
make[2]: Leaving directory '/opt/ruby/archive/source/ruby-2.7.1/ext/rubyvm'
make[2]: Entering directory '/opt/ruby/archive/source/ruby-2.7.1/ext/pty'
make[2]: Leaving directory '/opt/ruby/archive/source/ruby-2.7.1/ext/pty'
make[2]: Entering directory '/opt/ruby/archive/source/ruby-2.7.1/ext/fiddle'
make[2]: Leaving directory '/opt/ruby/archive/source/ruby-2.7.1/ext/fiddle'
make[2]: Entering directory '/opt/ruby/archive/source/ruby-2.7.1/ext/bigdecimal'
make[2]: Leaving directory '/opt/ruby/archive/source/ruby-2.7.1/ext/bigdecimal'
make[2]: Entering directory '/opt/ruby/archive/source/ruby-2.7.1/ext/psych'
make[2]: Leaving directory '/opt/ruby/archive/source/ruby-2.7.1/ext/psych'
make[2]: Entering directory '/opt/ruby/archive/source/ruby-2.7.1/ext/json'
make[2]: Leaving directory '/opt/ruby/archive/source/ruby-2.7.1/ext/json'
make[2]: Entering directory '/opt/ruby/archive/source/ruby-2.7.1/ext/date'
make[2]: Leaving directory '/opt/ruby/archive/source/ruby-2.7.1/ext/date'
make[2]: Entering directory '/opt/ruby/archive/source/ruby-2.7.1/ext/nkf'
make[2]: Leaving directory '/opt/ruby/archive/source/ruby-2.7.1/ext/nkf'
make[2]: Entering directory '/opt/ruby/archive/source/ruby-2.7.1'
./revision.h unchanged
make[2]: Leaving directory '/opt/ruby/archive/source/ruby-2.7.1'
make[1]: Leaving directory '/opt/ruby/archive/source/ruby-2.7.1'
make[1]: Entering directory '/opt/ruby/archive/source/ruby-2.7.1'
*** Following extensions are not compiled:
readline:
	Could not be configured. It will not be installed.
	/opt/ruby/archive/source/ruby-2.7.1/ext/readline/extconf.rb:62: Neither readline nor libedit was found
	Check ext/readline/mkmf.log for more details.
dbm:
	Could not be configured. It will not be installed.
	Check ext/dbm/mkmf.log for more details.
*** Fix the problems, then remove these directories and try again if you want.
make[1]: Leaving directory '/opt/ruby/archive/source/ruby-2.7.1'
making enc
make[1]: Entering directory '/opt/ruby/archive/source/ruby-2.7.1'
make[1]: Nothing to be done for 'enc'.
make[1]: Leaving directory '/opt/ruby/archive/source/ruby-2.7.1'
making trans
make[1]: Entering directory '/opt/ruby/archive/source/ruby-2.7.1'
make[1]: Nothing to be done for './enc/trans'.
make[1]: Leaving directory '/opt/ruby/archive/source/ruby-2.7.1'
making encs
make[1]: Entering directory '/opt/ruby/archive/source/ruby-2.7.1'
make[1]: Nothing to be done for 'encs'.
make[1]: Leaving directory '/opt/ruby/archive/source/ruby-2.7.1'
Generating RDoc documentation
Parsing sources...
  0% [ 1/1141]  /opt/ruby/archive/source/ruby-2.7.1/doc/NEWS-1.8.7
  0% [ 2/1141]  /opt/ruby/archive/source/ruby-2.7.1/doc/NEWS-1.9.1
  0% [ 3/1141]  /opt/ruby/archive/source/ruby-2.7.1/doc/NEWS-1.9.2
  0% [ 4/1141]  /opt/ruby/archive/source/ruby-2.7.1/doc/NEWS-1.9.3
  0% [ 5/1141]  /opt/ruby/archive/source/ruby-2.7.1/doc/NEWS-2.0.0
  0% [ 6/1141]  /opt/ruby/archive/source/ruby-2.7.1/doc/NEWS-2.1.0
  0% [ 7/1141]  /opt/ruby/archive/source/ruby-2.7.1/doc/NEWS-2.2.0
  0% [ 8/1141]  /opt/ruby/archive/source/ruby-2.7.1/doc/NEWS-2.3.0
  0% [ 9/1141]  /opt/ruby/archive/source/ruby-2.7.1/doc/NEWS-2.4.0
  0% [10/1141]  /opt/ruby/archive/source/ruby-2.7.1/doc/NEWS-2.5.0
  0% [11/1141]  /opt/ruby/archive/source/ruby-2.7.1/doc/NEWS-2.6.0
  1% [12/1141]  /opt/ruby/archive/source/ruby-2.7.1/doc/bug_triaging.rdoc
  1% [13/1141]  /opt/ruby/archive/source/ruby-2.7.1/doc/contributing.rdoc
  1% [14/1141]  /opt/ruby/archive/source/ruby-2.7.1/doc/contributors.rdoc
  1% [15/1141]  /opt/ruby/archive/source/ruby-2.7.1/doc/dtrace_probes.rdoc
  1% [16/1141]  /opt/ruby/archive/source/ruby-2.7.1/doc/extension.ja.rdoc
  1% [17/1141]  /opt/ruby/archive/source/ruby-2.7.1/doc/extension.rdoc
  1% [18/1141]  /opt/ruby/archive/source/ruby-2.7.1/doc/globals.rdoc
  1% [19/1141]  /opt/ruby/archive/source/ruby-2.7.1/doc/keywords.rdoc
  1% [20/1141]  /opt/ruby/archive/source/ruby-2.7.1/doc/maintainers.rdoc
  1% [21/1141]  /opt/ruby/archive/source/ruby-2.7.1/doc/marshal.rdoc
  1% [22/1141]  /opt/ruby/archive/source/ruby-2.7.1/doc/regexp.rdoc
  2% [23/1141]  /opt/ruby/archive/source/ruby-2.7.1/doc/security.rdoc
  2% [24/1141]  /opt/ruby/archive/source/ruby-2.7.1/doc/signals.rdoc
  2% [25/1141]  /opt/ruby/archive/source/ruby-2.7.1/doc/standard_library.rdoc
  2% [26/1141]  /opt/ruby/archive/source/ruby-2.7.1/doc/syntax.rdoc
  2% [27/1141]  /opt/ruby/archive/source/ruby-2.7.1/doc/syntax/assignment.rdoc
  2% [28/1141]  /opt/ruby/archive/source/ruby-2.7.1/doc/syntax/calling_methods.rdoc
  2% [29/1141]  /opt/ruby/archive/source/ruby-2.7.1/doc/syntax/comments.rdoc
  2% [30/1141]  /opt/ruby/archive/source/ruby-2.7.1/doc/syntax/control_expressions.rdoc
  2% [31/1141]  /opt/ruby/archive/source/ruby-2.7.1/doc/syntax/exceptions.rdoc
  2% [32/1141]  /opt/ruby/archive/source/ruby-2.7.1/doc/syntax/literals.rdoc
  2% [33/1141]  /opt/ruby/archive/source/ruby-2.7.1/doc/syntax/methods.rdoc
  2% [34/1141]  /opt/ruby/archive/source/ruby-2.7.1/doc/syntax/miscellaneous.rdoc
  3% [35/1141]  /opt/ruby/archive/source/ruby-2.7.1/doc/syntax/modules_and_classes.rdoc
  3% [36/1141]  /opt/ruby/archive/source/ruby-2.7.1/doc/syntax/precedence.rdoc
  3% [37/1141]  /opt/ruby/archive/source/ruby-2.7.1/doc/syntax/refinements.rdoc
  3% [38/1141]  CONTRIBUTING.md
  3% [39/1141]  COPYING
  3% [40/1141]  COPYING.ja
  3% [41/1141]  LEGAL
  3% [42/1141]  NEWS
  3% [43/1141]  README.ja.md
  3% [44/1141]  README.md
  3% [45/1141]  addr2line.c
  4% [46/1141]  array.c
  4% [47/1141]  ast.c
  4% [48/1141]  ast.rb
  4% [49/1141]  bignum.c
  4% [50/1141]  builtin.c
  4% [51/1141]  class.c
  4% [52/1141]  compar.c
  4% [53/1141]  compile.c
  4% [54/1141]  complex.c
  4% [55/1141]  cont.c
  4% [56/1141]  debug.c
  4% [57/1141]  debug_counter.c
  5% [58/1141]  dir.c
  5% [59/1141]  dln.c
  5% [60/1141]  dln_find.c
  5% [61/1141]  dmydln.c
  5% [62/1141]  dmyenc.c
  5% [63/1141]  dmyext.c
  5% [64/1141]  doc/NEWS-1.8.7
  5% [65/1141]  doc/NEWS-1.9.1
  5% [66/1141]  doc/NEWS-1.9.2
  5% [67/1141]  doc/NEWS-1.9.3
  5% [68/1141]  doc/NEWS-2.0.0
  6% [69/1141]  doc/NEWS-2.1.0
  6% [70/1141]  doc/NEWS-2.2.0
  6% [71/1141]  doc/NEWS-2.3.0
  6% [72/1141]  doc/NEWS-2.4.0
  6% [73/1141]  doc/NEWS-2.5.0
  6% [74/1141]  doc/NEWS-2.6.0
  6% [75/1141]  doc/bug_triaging.rdoc
  6% [76/1141]  doc/contributing.rdoc
  6% [77/1141]  doc/contributors.rdoc
  6% [78/1141]  doc/dtrace_probes.rdoc
  6% [79/1141]  doc/extension.ja.rdoc
  7% [80/1141]  doc/extension.rdoc
  7% [81/1141]  doc/globals.rdoc
  7% [82/1141]  doc/keywords.rdoc
  7% [83/1141]  doc/maintainers.rdoc
  7% [84/1141]  doc/marshal.rdoc
  7% [85/1141]  doc/regexp.rdoc
  7% [86/1141]  doc/security.rdoc
  7% [87/1141]  doc/signals.rdoc
  7% [88/1141]  doc/standard_library.rdoc
  7% [89/1141]  doc/syntax.rdoc
  7% [90/1141]  doc/syntax/assignment.rdoc
  7% [91/1141]  doc/syntax/calling_methods.rdoc
  8% [92/1141]  doc/syntax/comments.rdoc
  8% [93/1141]  doc/syntax/control_expressions.rdoc
  8% [94/1141]  doc/syntax/exceptions.rdoc
  8% [95/1141]  doc/syntax/literals.rdoc
  8% [96/1141]  doc/syntax/methods.rdoc
  8% [97/1141]  doc/syntax/miscellaneous.rdoc
  8% [98/1141]  doc/syntax/modules_and_classes.rdoc
  8% [99/1141]  doc/syntax/precedence.rdoc
  8% [100/1141]  doc/syntax/refinements.rdoc
  8% [101/1141]  encoding.c
  8% [102/1141]  enum.c
  9% [103/1141]  enumerator.c
  9% [104/1141]  error.c
  9% [105/1141]  eval.c
  9% [106/1141]  eval_error.c
  9% [107/1141]  eval_jump.c
  9% [108/1141]  ext/bigdecimal/bigdecimal.c
  9% [109/1141]  ext/bigdecimal/lib/bigdecimal.rb
  9% [110/1141]  ext/bigdecimal/lib/bigdecimal/jacobian.rb
  9% [111/1141]  ext/bigdecimal/lib/bigdecimal/ludcmp.rb
  9% [112/1141]  ext/bigdecimal/lib/bigdecimal/math.rb
  9% [113/1141]  ext/bigdecimal/lib/bigdecimal/newton.rb
  9% [114/1141]  ext/bigdecimal/lib/bigdecimal/util.rb
 10% [115/1141]  ext/continuation/continuation.c
 10% [116/1141]  ext/coverage/coverage.c
 10% [117/1141]  ext/date/date_core.c
 10% [118/1141]  ext/dbm/dbm.c
 10% [119/1141]  ext/digest/bubblebabble/bubblebabble.c
 10% [120/1141]  ext/digest/digest.c
 10% [121/1141]  ext/digest/lib/digest.rb
 10% [122/1141]  ext/digest/md5/md5init.c
 10% [123/1141]  ext/digest/rmd160/rmd160init.c
 10% [124/1141]  ext/digest/sha1/sha1init.c
 10% [125/1141]  ext/digest/sha2/sha2init.c
 11% [126/1141]  ext/etc/etc.c
 11% [127/1141]  ext/fcntl/fcntl.c
 11% [128/1141]  ext/fiber/fiber.c
 11% [129/1141]  ext/fiddle/closure.c
 11% [130/1141]  ext/fiddle/conversions.c
 11% [131/1141]  ext/fiddle/fiddle.c
 11% [132/1141]  ext/fiddle/function.c
 11% [133/1141]  ext/fiddle/handle.c
 11% [134/1141]  ext/fiddle/lib/fiddle.rb
 11% [135/1141]  ext/fiddle/lib/fiddle/closure.rb
 11% [136/1141]  ext/fiddle/lib/fiddle/cparser.rb
 12% [137/1141]  ext/fiddle/lib/fiddle/function.rb
 12% [138/1141]  ext/fiddle/lib/fiddle/import.rb
 12% [139/1141]  ext/fiddle/lib/fiddle/pack.rb
 12% [140/1141]  ext/fiddle/lib/fiddle/struct.rb
 12% [141/1141]  ext/fiddle/lib/fiddle/types.rb
 12% [142/1141]  ext/fiddle/lib/fiddle/value.rb
 12% [143/1141]  ext/fiddle/pointer.c
 12% [144/1141]  ext/gdbm/gdbm.c
 12% [145/1141]  ext/io/console/console.c
 12% [146/1141]  ext/io/nonblock/nonblock.c
 12% [147/1141]  ext/io/wait/wait.c
 12% [148/1141]  ext/json/generator/generator.c
 13% [149/1141]  ext/json/lib/json.rb
 13% [150/1141]  ext/json/lib/json/add/bigdecimal.rb
 13% [151/1141]  ext/json/lib/json/add/complex.rb
 13% [152/1141]  ext/json/lib/json/add/core.rb
 13% [153/1141]  ext/json/lib/json/add/date.rb
 13% [154/1141]  ext/json/lib/json/add/date_time.rb
 13% [155/1141]  ext/json/lib/json/add/exception.rb
 13% [156/1141]  ext/json/lib/json/add/ostruct.rb
 13% [157/1141]  ext/json/lib/json/add/range.rb
 13% [158/1141]  ext/json/lib/json/add/rational.rb
 13% [159/1141]  ext/json/lib/json/add/regexp.rb
 14% [160/1141]  ext/json/lib/json/add/set.rb
 14% [161/1141]  ext/json/lib/json/add/struct.rb
 14% [162/1141]  ext/json/lib/json/add/symbol.rb
 14% [163/1141]  ext/json/lib/json/add/time.rb
 14% [164/1141]  ext/json/lib/json/common.rb
 14% [165/1141]  ext/json/lib/json/ext.rb
 14% [166/1141]  ext/json/lib/json/generic_object.rb
 14% [167/1141]  ext/json/lib/json/version.rb
 14% [168/1141]  ext/json/parser/parser.c
 14% [169/1141]  ext/nkf/lib/kconv.rb
 14% [170/1141]  ext/nkf/nkf.c
 14% [171/1141]  ext/objspace/object_tracing.c
 15% [172/1141]  ext/objspace/objspace.c
 15% [173/1141]  ext/objspace/objspace_dump.c
 15% [174/1141]  ext/openssl/lib/openssl.rb
 15% [175/1141]  ext/openssl/lib/openssl/bn.rb
 15% [176/1141]  ext/openssl/lib/openssl/buffering.rb
 15% [177/1141]  ext/openssl/lib/openssl/cipher.rb
 15% [178/1141]  ext/openssl/lib/openssl/config.rb
 15% [179/1141]  ext/openssl/lib/openssl/digest.rb
 15% [180/1141]  ext/openssl/lib/openssl/pkcs5.rb
 15% [181/1141]  ext/openssl/lib/openssl/pkey.rb
 15% [182/1141]  ext/openssl/lib/openssl/ssl.rb
 16% [183/1141]  ext/openssl/lib/openssl/x509.rb
 16% [184/1141]  ext/openssl/ossl.c
 16% [185/1141]  ext/openssl/ossl_asn1.c
 16% [186/1141]  ext/openssl/ossl_bio.c
 16% [187/1141]  ext/openssl/ossl_bn.c
 16% [188/1141]  ext/openssl/ossl_cipher.c
 16% [189/1141]  ext/openssl/ossl_config.c
 16% [190/1141]  ext/openssl/ossl_digest.c
 16% [191/1141]  ext/openssl/ossl_engine.c
 16% [192/1141]  ext/openssl/ossl_hmac.c
 16% [193/1141]  ext/openssl/ossl_kdf.c
 17% [194/1141]  ext/openssl/ossl_ns_spki.c
 17% [195/1141]  ext/openssl/ossl_ocsp.c
 17% [196/1141]  ext/openssl/ossl_pkcs12.c
 17% [197/1141]  ext/openssl/ossl_pkcs7.c
 17% [198/1141]  ext/openssl/ossl_pkey.c
 17% [199/1141]  ext/openssl/ossl_pkey_dh.c
 17% [200/1141]  ext/openssl/ossl_pkey_dsa.c
 17% [201/1141]  ext/openssl/ossl_pkey_ec.c
 17% [202/1141]  ext/openssl/ossl_pkey_rsa.c
 17% [203/1141]  ext/openssl/ossl_rand.c
 17% [204/1141]  ext/openssl/ossl_ssl.c
 17% [205/1141]  ext/openssl/ossl_ssl_session.c
 18% [206/1141]  ext/openssl/ossl_x509.c
 18% [207/1141]  ext/openssl/ossl_x509attr.c
 18% [208/1141]  ext/openssl/ossl_x509cert.c
 18% [209/1141]  ext/openssl/ossl_x509crl.c
 18% [210/1141]  ext/openssl/ossl_x509ext.c
 18% [211/1141]  ext/openssl/ossl_x509name.c
 18% [212/1141]  ext/openssl/ossl_x509req.c
 18% [213/1141]  ext/openssl/ossl_x509revoked.c
 18% [214/1141]  ext/openssl/ossl_x509store.c
 18% [215/1141]  ext/pathname/lib/pathname.rb
 18% [216/1141]  ext/pathname/pathname.c
 19% [217/1141]  ext/psych/lib/psych.rb
 19% [218/1141]  ext/psych/lib/psych/class_loader.rb
 19% [219/1141]  ext/psych/lib/psych/coder.rb
 19% [220/1141]  ext/psych/lib/psych/core_ext.rb
 19% [221/1141]  ext/psych/lib/psych/exception.rb
 19% [222/1141]  ext/psych/lib/psych/handler.rb
 19% [223/1141]  ext/psych/lib/psych/handlers/document_stream.rb
 19% [224/1141]  ext/psych/lib/psych/handlers/recorder.rb
 19% [225/1141]  ext/psych/lib/psych/json/ruby_events.rb
 19% [226/1141]  ext/psych/lib/psych/json/stream.rb
 19% [227/1141]  ext/psych/lib/psych/json/tree_builder.rb
 19% [228/1141]  ext/psych/lib/psych/json/yaml_events.rb
 20% [229/1141]  ext/psych/lib/psych/nodes.rb
 20% [230/1141]  ext/psych/lib/psych/nodes/alias.rb
 20% [231/1141]  ext/psych/lib/psych/nodes/document.rb
 20% [232/1141]  ext/psych/lib/psych/nodes/mapping.rb
 20% [233/1141]  ext/psych/lib/psych/nodes/node.rb
 20% [234/1141]  ext/psych/lib/psych/nodes/scalar.rb
 20% [235/1141]  ext/psych/lib/psych/nodes/sequence.rb
 20% [236/1141]  ext/psych/lib/psych/nodes/stream.rb
 20% [237/1141]  ext/psych/lib/psych/omap.rb
 20% [238/1141]  ext/psych/lib/psych/parser.rb
 20% [239/1141]  ext/psych/lib/psych/scalar_scanner.rb
 21% [240/1141]  ext/psych/lib/psych/set.rb
 21% [241/1141]  ext/psych/lib/psych/stream.rb
 21% [242/1141]  ext/psych/lib/psych/streaming.rb
 21% [243/1141]  ext/psych/lib/psych/syntax_error.rb
 21% [244/1141]  ext/psych/lib/psych/tree_builder.rb
 21% [245/1141]  ext/psych/lib/psych/versions.rb
 21% [246/1141]  ext/psych/lib/psych/visitors.rb
 21% [247/1141]  ext/psych/lib/psych/visitors/depth_first.rb
 21% [248/1141]  ext/psych/lib/psych/visitors/emitter.rb
 21% [249/1141]  ext/psych/lib/psych/visitors/json_tree.rb
 21% [250/1141]  ext/psych/lib/psych/visitors/to_ruby.rb
 21% [251/1141]  ext/psych/lib/psych/visitors/visitor.rb
 22% [252/1141]  ext/psych/lib/psych/visitors/yaml_tree.rb
 22% [253/1141]  ext/psych/lib/psych/y.rb
 22% [254/1141]  ext/psych/psych.c
 22% [255/1141]  ext/psych/psych_emitter.c
 22% [256/1141]  ext/psych/psych_parser.c
 22% [257/1141]  ext/psych/psych_to_ruby.c
 22% [258/1141]  ext/psych/psych_yaml_tree.c
 22% [259/1141]  ext/pty/lib/expect.rb
 22% [260/1141]  ext/pty/pty.c
 22% [261/1141]  ext/racc/cparse/cparse.c
 22% [262/1141]  ext/readline/readline.c
 23% [263/1141]  ext/ripper/lib/ripper.rb
 23% [264/1141]  ext/ripper/lib/ripper/core.rb
 23% [265/1141]  ext/ripper/lib/ripper/filter.rb
 23% [266/1141]  ext/ripper/lib/ripper/lexer.rb
 23% [267/1141]  ext/ripper/lib/ripper/sexp.rb
 23% [268/1141]  ext/sdbm/init.c
 23% [269/1141]  ext/socket/ancdata.c
 23% [270/1141]  ext/socket/basicsocket.c
 23% [271/1141]  ext/socket/constants.c
 23% [272/1141]  ext/socket/constdefs.c
 23% [273/1141]  ext/socket/ifaddr.c
 24% [274/1141]  ext/socket/init.c
 24% [275/1141]  ext/socket/ipsocket.c
 24% [276/1141]  ext/socket/lib/socket.rb
 24% [277/1141]  ext/socket/option.c
 24% [278/1141]  ext/socket/raddrinfo.c
 24% [279/1141]  ext/socket/socket.c
 24% [280/1141]  ext/socket/sockssocket.c
 24% [281/1141]  ext/socket/tcpserver.c
 24% [282/1141]  ext/socket/tcpsocket.c
 24% [283/1141]  ext/socket/udpsocket.c
 24% [284/1141]  ext/socket/unixserver.c
 24% [285/1141]  ext/socket/unixsocket.c
 25% [286/1141]  ext/stringio/stringio.c
 25% [287/1141]  ext/strscan/strscan.c
 25% [288/1141]  ext/syslog/lib/syslog/logger.rb
 25% [289/1141]  ext/syslog/syslog.c
 25% [290/1141]  ext/win32ole/lib/win32ole.rb
 25% [291/1141]  ext/win32ole/lib/win32ole/property.rb
 25% [292/1141]  ext/win32ole/win32ole.c
 25% [293/1141]  ext/win32ole/win32ole_error.c
 25% [294/1141]  ext/win32ole/win32ole_event.c
 25% [295/1141]  ext/win32ole/win32ole_method.c
 25% [296/1141]  ext/win32ole/win32ole_param.c
 26% [297/1141]  ext/win32ole/win32ole_record.c
 26% [298/1141]  ext/win32ole/win32ole_type.c
 26% [299/1141]  ext/win32ole/win32ole_typelib.c
 26% [300/1141]  ext/win32ole/win32ole_variable.c
 26% [301/1141]  ext/win32ole/win32ole_variant.c
 26% [302/1141]  ext/win32ole/win32ole_variant_m.c
 26% [303/1141]  ext/zlib/zlib.c
 26% [304/1141]  file.c
 26% [305/1141]  gc.c
 26% [306/1141]  gc.rb
 26% [307/1141]  golf_prelude.c
 26% [308/1141]  goruby.c
 27% [309/1141]  hash.c
 27% [310/1141]  id.c
 27% [311/1141]  id_table.c
 27% [312/1141]  inits.c
 27% [313/1141]  io.c
 27% [314/1141]  io.rb
 27% [315/1141]  iseq.c
 27% [316/1141]  lex.c
 27% [317/1141]  lib/English.rb
 27% [318/1141]  lib/abbrev.rb
 27% [319/1141]  lib/base64.rb
 28% [320/1141]  lib/benchmark.rb
 28% [321/1141]  lib/bundler.rb
 28% [322/1141]  lib/bundler/build_metadata.rb
 28% [323/1141]  lib/bundler/capistrano.rb
 28% [324/1141]  lib/bundler/cli.rb
 28% [325/1141]  lib/bundler/cli/add.rb
 28% [326/1141]  lib/bundler/cli/binstubs.rb
 28% [327/1141]  lib/bundler/cli/cache.rb
 28% [328/1141]  lib/bundler/cli/check.rb
 28% [329/1141]  lib/bundler/cli/clean.rb
 28% [330/1141]  lib/bundler/cli/common.rb
 29% [331/1141]  lib/bundler/cli/config.rb
 29% [332/1141]  lib/bundler/cli/console.rb
 29% [333/1141]  lib/bundler/cli/doctor.rb
 29% [334/1141]  lib/bundler/cli/exec.rb
 29% [335/1141]  lib/bundler/cli/gem.rb
 29% [336/1141]  lib/bundler/cli/info.rb
 29% [337/1141]  lib/bundler/cli/init.rb
 29% [338/1141]  lib/bundler/cli/inject.rb
 29% [339/1141]  lib/bundler/cli/install.rb
 29% [340/1141]  lib/bundler/cli/issue.rb
 29% [341/1141]  lib/bundler/cli/list.rb
 29% [342/1141]  lib/bundler/cli/lock.rb
 30% [343/1141]  lib/bundler/cli/open.rb
 30% [344/1141]  lib/bundler/cli/outdated.rb
 30% [345/1141]  lib/bundler/cli/package.rb
 30% [346/1141]  lib/bundler/cli/platform.rb
 30% [347/1141]  lib/bundler/cli/plugin.rb
 30% [348/1141]  lib/bundler/cli/pristine.rb
 30% [349/1141]  lib/bundler/cli/remove.rb
 30% [350/1141]  lib/bundler/cli/show.rb
 30% [351/1141]  lib/bundler/cli/update.rb
 30% [352/1141]  lib/bundler/cli/viz.rb
 30% [353/1141]  lib/bundler/compact_index_client.rb
 31% [354/1141]  lib/bundler/compact_index_client/cache.rb
 31% [355/1141]  lib/bundler/compact_index_client/updater.rb
 31% [356/1141]  lib/bundler/constants.rb
 31% [357/1141]  lib/bundler/current_ruby.rb
 31% [358/1141]  lib/bundler/definition.rb
 31% [359/1141]  lib/bundler/dep_proxy.rb
 31% [360/1141]  lib/bundler/dependency.rb
 31% [361/1141]  lib/bundler/deployment.rb
 31% [362/1141]  lib/bundler/deprecate.rb
 31% [363/1141]  lib/bundler/dsl.rb
 31% [364/1141]  lib/bundler/endpoint_specification.rb
 31% [365/1141]  lib/bundler/env.rb
 32% [366/1141]  lib/bundler/environment_preserver.rb
 32% [367/1141]  lib/bundler/errors.rb
 32% [368/1141]  lib/bundler/feature_flag.rb
 32% [369/1141]  lib/bundler/fetcher.rb
 32% [370/1141]  lib/bundler/fetcher/base.rb
 32% [371/1141]  lib/bundler/fetcher/compact_index.rb
 32% [372/1141]  lib/bundler/fetcher/dependency.rb
 32% [373/1141]  lib/bundler/fetcher/downloader.rb
 32% [374/1141]  lib/bundler/fetcher/index.rb
 32% [375/1141]  lib/bundler/friendly_errors.rb
 32% [376/1141]  lib/bundler/gem_helper.rb
 33% [377/1141]  lib/bundler/gem_helpers.rb
 33% [378/1141]  lib/bundler/gem_remote_fetcher.rb
 33% [379/1141]  lib/bundler/gem_tasks.rb
 33% [380/1141]  lib/bundler/gem_version_promoter.rb
 33% [381/1141]  lib/bundler/gemdeps.rb
 33% [382/1141]  lib/bundler/graph.rb
 33% [383/1141]  lib/bundler/index.rb
 33% [384/1141]  lib/bundler/injector.rb
 33% [385/1141]  lib/bundler/inline.rb
 33% [386/1141]  lib/bundler/installer.rb
 33% [387/1141]  lib/bundler/installer/gem_installer.rb
 34% [388/1141]  lib/bundler/installer/parallel_installer.rb
 34% [389/1141]  lib/bundler/installer/standalone.rb
 34% [390/1141]  lib/bundler/lazy_specification.rb
 34% [391/1141]  lib/bundler/lockfile_generator.rb
 34% [392/1141]  lib/bundler/lockfile_parser.rb
 34% [393/1141]  lib/bundler/match_platform.rb
 34% [394/1141]  lib/bundler/mirror.rb
 34% [395/1141]  lib/bundler/plugin.rb
 34% [396/1141]  lib/bundler/plugin/api.rb
 34% [397/1141]  lib/bundler/plugin/api/source.rb
 34% [398/1141]  lib/bundler/plugin/dsl.rb
 34% [399/1141]  lib/bundler/plugin/events.rb
 35% [400/1141]  lib/bundler/plugin/index.rb
 35% [401/1141]  lib/bundler/plugin/installer.rb
 35% [402/1141]  lib/bundler/plugin/installer/git.rb
 35% [403/1141]  lib/bundler/plugin/installer/rubygems.rb
 35% [404/1141]  lib/bundler/plugin/source_list.rb
 35% [405/1141]  lib/bundler/process_lock.rb
 35% [406/1141]  lib/bundler/psyched_yaml.rb
 35% [407/1141]  lib/bundler/remote_specification.rb
 35% [408/1141]  lib/bundler/resolver.rb
 35% [409/1141]  lib/bundler/resolver/spec_group.rb
 35% [410/1141]  lib/bundler/retry.rb
 36% [411/1141]  lib/bundler/ruby_dsl.rb
 36% [412/1141]  lib/bundler/ruby_version.rb
 36% [413/1141]  lib/bundler/rubygems_ext.rb
 36% [414/1141]  lib/bundler/rubygems_gem_installer.rb
 36% [415/1141]  lib/bundler/rubygems_integration.rb
 36% [416/1141]  lib/bundler/runtime.rb
 36% [417/1141]  lib/bundler/settings.rb
 36% [418/1141]  lib/bundler/settings/validator.rb
 36% [419/1141]  lib/bundler/setup.rb
 36% [420/1141]  lib/bundler/shared_helpers.rb
 36% [421/1141]  lib/bundler/similarity_detector.rb
 36% [422/1141]  lib/bundler/source.rb
 37% [423/1141]  lib/bundler/source/gemspec.rb
 37% [424/1141]  lib/bundler/source/git.rb
 37% [425/1141]  lib/bundler/source/git/git_proxy.rb
 37% [426/1141]  lib/bundler/source/metadata.rb
 37% [427/1141]  lib/bundler/source/path.rb
 37% [428/1141]  lib/bundler/source/path/installer.rb
 37% [429/1141]  lib/bundler/source/rubygems.rb
 37% [430/1141]  lib/bundler/source/rubygems/remote.rb
 37% [431/1141]  lib/bundler/source_list.rb
 37% [432/1141]  lib/bundler/spec_set.rb
 37% [433/1141]  lib/bundler/stub_specification.rb
 38% [434/1141]  lib/bundler/ui.rb
 38% [435/1141]  lib/bundler/ui/rg_proxy.rb
 38% [436/1141]  lib/bundler/ui/shell.rb
 38% [437/1141]  lib/bundler/ui/silent.rb
 38% [438/1141]  lib/bundler/uri_credentials_filter.rb
 38% [439/1141]  lib/bundler/vendor/connection_pool/lib/connection_pool.rb
 38% [440/1141]  lib/bundler/vendor/connection_pool/lib/connection_pool/monotonic_time.rb
 38% [441/1141]  lib/bundler/vendor/connection_pool/lib/connection_pool/timed_stack.rb
 38% [442/1141]  lib/bundler/vendor/connection_pool/lib/connection_pool/version.rb
 38% [443/1141]  lib/bundler/vendor/fileutils/lib/fileutils.rb
 38% [444/1141]  lib/bundler/vendor/fileutils/lib/fileutils/version.rb
 39% [445/1141]  lib/bundler/vendor/molinillo/lib/molinillo.rb
 39% [446/1141]  lib/bundler/vendor/molinillo/lib/molinillo/compatibility.rb
 39% [447/1141]  lib/bundler/vendor/molinillo/lib/molinillo/delegates/resolution_state.rb
 39% [448/1141]  lib/bundler/vendor/molinillo/lib/molinillo/delegates/specification_provider.rb
 39% [449/1141]  lib/bundler/vendor/molinillo/lib/molinillo/dependency_graph.rb
 39% [450/1141]  lib/bundler/vendor/molinillo/lib/molinillo/dependency_graph/action.rb
 39% [451/1141]  lib/bundler/vendor/molinillo/lib/molinillo/dependency_graph/add_edge_no_circular.rb
 39% [452/1141]  lib/bundler/vendor/molinillo/lib/molinillo/dependency_graph/add_vertex.rb
 39% [453/1141]  lib/bundler/vendor/molinillo/lib/molinillo/dependency_graph/delete_edge.rb
 39% [454/1141]  lib/bundler/vendor/molinillo/lib/molinillo/dependency_graph/detach_vertex_named.rb
 39% [455/1141]  lib/bundler/vendor/molinillo/lib/molinillo/dependency_graph/log.rb
 39% [456/1141]  lib/bundler/vendor/molinillo/lib/molinillo/dependency_graph/set_payload.rb
 40% [457/1141]  lib/bundler/vendor/molinillo/lib/molinillo/dependency_graph/tag.rb
 40% [458/1141]  lib/bundler/vendor/molinillo/lib/molinillo/dependency_graph/vertex.rb
 40% [459/1141]  lib/bundler/vendor/molinillo/lib/molinillo/errors.rb
 40% [460/1141]  lib/bundler/vendor/molinillo/lib/molinillo/gem_metadata.rb
 40% [461/1141]  lib/bundler/vendor/molinillo/lib/molinillo/modules/specification_provider.rb
 40% [462/1141]  lib/bundler/vendor/molinillo/lib/molinillo/modules/ui.rb
 40% [463/1141]  lib/bundler/vendor/molinillo/lib/molinillo/resolution.rb
 40% [464/1141]  lib/bundler/vendor/molinillo/lib/molinillo/resolver.rb
 40% [465/1141]  lib/bundler/vendor/molinillo/lib/molinillo/state.rb
 40% [466/1141]  lib/bundler/vendor/net-http-persistent/lib/net/http/persistent.rb
 40% [467/1141]  lib/bundler/vendor/net-http-persistent/lib/net/http/persistent/connection.rb
 41% [468/1141]  lib/bundler/vendor/net-http-persistent/lib/net/http/persistent/pool.rb
 41% [469/1141]  lib/bundler/vendor/net-http-persistent/lib/net/http/persistent/timed_stack_multi.rb
 41% [470/1141]  lib/bundler/vendor/thor/lib/thor.rb
 41% [471/1141]  lib/bundler/vendor/thor/lib/thor/actions.rb
 41% [472/1141]  lib/bundler/vendor/thor/lib/thor/actions/create_file.rb
 41% [473/1141]  lib/bundler/vendor/thor/lib/thor/actions/create_link.rb
 41% [474/1141]  lib/bundler/vendor/thor/lib/thor/actions/directory.rb
 41% [475/1141]  lib/bundler/vendor/thor/lib/thor/actions/empty_directory.rb
 41% [476/1141]  lib/bundler/vendor/thor/lib/thor/actions/file_manipulation.rb
 41% [477/1141]  lib/bundler/vendor/thor/lib/thor/actions/inject_into_file.rb
 41% [478/1141]  lib/bundler/vendor/thor/lib/thor/base.rb
 41% [479/1141]  lib/bundler/vendor/thor/lib/thor/command.rb
 42% [480/1141]  lib/bundler/vendor/thor/lib/thor/core_ext/hash_with_indifferent_access.rb
 42% [481/1141]  lib/bundler/vendor/thor/lib/thor/core_ext/io_binary_read.rb
 42% [482/1141]  lib/bundler/vendor/thor/lib/thor/core_ext/ordered_hash.rb
 42% [483/1141]  lib/bundler/vendor/thor/lib/thor/error.rb
 42% [484/1141]  lib/bundler/vendor/thor/lib/thor/group.rb
 42% [485/1141]  lib/bundler/vendor/thor/lib/thor/invocation.rb
 42% [486/1141]  lib/bundler/vendor/thor/lib/thor/line_editor.rb
 42% [487/1141]  lib/bundler/vendor/thor/lib/thor/line_editor/basic.rb
 42% [488/1141]  lib/bundler/vendor/thor/lib/thor/line_editor/readline.rb
 42% [489/1141]  lib/bundler/vendor/thor/lib/thor/nested_context.rb
 42% [490/1141]  lib/bundler/vendor/thor/lib/thor/parser.rb
 43% [491/1141]  lib/bundler/vendor/thor/lib/thor/parser/argument.rb
 43% [492/1141]  lib/bundler/vendor/thor/lib/thor/parser/arguments.rb
 43% [493/1141]  lib/bundler/vendor/thor/lib/thor/parser/option.rb
 43% [494/1141]  lib/bundler/vendor/thor/lib/thor/parser/options.rb
 43% [495/1141]  lib/bundler/vendor/thor/lib/thor/rake_compat.rb
 43% [496/1141]  lib/bundler/vendor/thor/lib/thor/runner.rb
 43% [497/1141]  lib/bundler/vendor/thor/lib/thor/shell.rb
 43% [498/1141]  lib/bundler/vendor/thor/lib/thor/shell/basic.rb
 43% [499/1141]  lib/bundler/vendor/thor/lib/thor/shell/color.rb
 43% [500/1141]  lib/bundler/vendor/thor/lib/thor/shell/html.rb
 43% [501/1141]  lib/bundler/vendor/thor/lib/thor/util.rb
 43% [502/1141]  lib/bundler/vendor/thor/lib/thor/version.rb
 44% [503/1141]  lib/bundler/vendor/uri/lib/uri.rb
 44% [504/1141]  lib/bundler/vendor/uri/lib/uri/common.rb
 44% [505/1141]  lib/bundler/vendor/uri/lib/uri/file.rb
 44% [506/1141]  lib/bundler/vendor/uri/lib/uri/ftp.rb
 44% [507/1141]  lib/bundler/vendor/uri/lib/uri/generic.rb
 44% [508/1141]  lib/bundler/vendor/uri/lib/uri/http.rb
 44% [509/1141]  lib/bundler/vendor/uri/lib/uri/https.rb
 44% [510/1141]  lib/bundler/vendor/uri/lib/uri/ldap.rb
 44% [511/1141]  lib/bundler/vendor/uri/lib/uri/ldaps.rb
 44% [512/1141]  lib/bundler/vendor/uri/lib/uri/mailto.rb
 44% [513/1141]  lib/bundler/vendor/uri/lib/uri/rfc2396_parser.rb
 45% [514/1141]  lib/bundler/vendor/uri/lib/uri/rfc3986_parser.rb
 45% [515/1141]  lib/bundler/vendor/uri/lib/uri/version.rb
 45% [516/1141]  lib/bundler/vendored_fileutils.rb
 45% [517/1141]  lib/bundler/vendored_molinillo.rb
 45% [518/1141]  lib/bundler/vendored_persistent.rb
 45% [519/1141]  lib/bundler/vendored_thor.rb
 45% [520/1141]  lib/bundler/vendored_uri.rb
 45% [521/1141]  lib/bundler/version.rb
 45% [522/1141]  lib/bundler/version_ranges.rb
 45% [523/1141]  lib/bundler/vlad.rb
 45% [524/1141]  lib/bundler/worker.rb
 46% [525/1141]  lib/bundler/yaml_serializer.rb
 46% [526/1141]  lib/cgi.rb
 46% [527/1141]  lib/cgi/cookie.rb
 46% [528/1141]  lib/cgi/core.rb
 46% [529/1141]  lib/cgi/html.rb
 46% [530/1141]  lib/cgi/session.rb
 46% [531/1141]  lib/cgi/session/pstore.rb
 46% [532/1141]  lib/cgi/util.rb
 46% [533/1141]  lib/cgi/version.rb
 46% [534/1141]  lib/csv.rb
 46% [535/1141]  lib/csv/core_ext/array.rb
 46% [536/1141]  lib/csv/core_ext/string.rb
 47% [537/1141]  lib/csv/delete_suffix.rb
 47% [538/1141]  lib/csv/fields_converter.rb
 47% [539/1141]  lib/csv/match_p.rb
 47% [540/1141]  lib/csv/parser.rb
 47% [541/1141]  lib/csv/row.rb
 47% [542/1141]  lib/csv/table.rb
 47% [543/1141]  lib/csv/version.rb
 47% [544/1141]  lib/csv/writer.rb
 47% [545/1141]  lib/debug.rb
 47% [546/1141]  lib/delegate.rb
 47% [547/1141]  lib/did_you_mean.rb
 48% [548/1141]  lib/drb.rb
 48% [549/1141]  lib/drb/acl.rb
 48% [550/1141]  lib/drb/drb.rb
 48% [551/1141]  lib/drb/eq.rb
 48% [552/1141]  lib/drb/extserv.rb
 48% [553/1141]  lib/drb/extservm.rb
 48% [554/1141]  lib/drb/gw.rb
 48% [555/1141]  lib/drb/invokemethod.rb
 48% [556/1141]  lib/drb/observer.rb
 48% [557/1141]  lib/drb/ssl.rb
 48% [558/1141]  lib/drb/timeridconv.rb
 48% [559/1141]  lib/drb/unix.rb
 49% [560/1141]  lib/drb/weakidconv.rb
 49% [561/1141]  lib/erb.rb
 49% [562/1141]  lib/fileutils.rb
 49% [563/1141]  lib/find.rb
 49% [564/1141]  lib/forwardable.rb
 49% [565/1141]  lib/forwardable/impl.rb
 49% [566/1141]  lib/forwardable/version.rb
 49% [567/1141]  lib/getoptlong.rb
 49% [568/1141]  lib/ipaddr.rb
 49% [569/1141]  lib/irb.rb
 49% [570/1141]  lib/irb/cmd/chws.rb
 50% [571/1141]  lib/irb/cmd/fork.rb
 50% [572/1141]  lib/irb/cmd/help.rb
 50% [573/1141]  lib/irb/cmd/load.rb
 50% [574/1141]  lib/irb/cmd/nop.rb
 50% [575/1141]  lib/irb/cmd/pushws.rb
 50% [576/1141]  lib/irb/cmd/subirb.rb
 50% [577/1141]  lib/irb/color.rb
 50% [578/1141]  lib/irb/completion.rb
 50% [579/1141]  lib/irb/context.rb
 50% [580/1141]  lib/irb/easter-egg.rb
 50% [581/1141]  lib/irb/ext/change-ws.rb
 51% [582/1141]  lib/irb/ext/history.rb
 51% [583/1141]  lib/irb/ext/loader.rb
 51% [584/1141]  lib/irb/ext/multi-irb.rb
 51% [585/1141]  lib/irb/ext/save-history.rb
 51% [586/1141]  lib/irb/ext/tracer.rb
 51% [587/1141]  lib/irb/ext/use-loader.rb
 51% [588/1141]  lib/irb/ext/workspaces.rb
 51% [589/1141]  lib/irb/extend-command.rb
 51% [590/1141]  lib/irb/frame.rb
 51% [591/1141]  lib/irb/help.rb
 51% [592/1141]  lib/irb/init.rb
 51% [593/1141]  lib/irb/input-method.rb
 52% [594/1141]  lib/irb/inspector.rb
 52% [595/1141]  lib/irb/lc/error.rb
 52% [596/1141]  lib/irb/lc/ja/encoding_aliases.rb
 52% [597/1141]  lib/irb/lc/ja/error.rb
 52% [598/1141]  lib/irb/locale.rb
 52% [599/1141]  lib/irb/magic-file.rb
 52% [600/1141]  lib/irb/notifier.rb
 52% [601/1141]  lib/irb/output-method.rb
 52% [602/1141]  lib/irb/ruby-lex.rb
 52% [603/1141]  lib/irb/src_encoding.rb
 52% [604/1141]  lib/irb/version.rb
 53% [605/1141]  lib/irb/workspace.rb
 53% [606/1141]  lib/irb/ws-for-case-2.rb
 53% [607/1141]  lib/irb/xmp.rb
 53% [608/1141]  lib/logger.rb
 53% [609/1141]  lib/matrix.rb
 53% [610/1141]  lib/matrix/eigenvalue_decomposition.rb
 53% [611/1141]  lib/matrix/lup_decomposition.rb
 53% [612/1141]  lib/matrix/version.rb
 53% [613/1141]  lib/mkmf.rb
 53% [614/1141]  lib/mutex_m.rb
 53% [615/1141]  lib/net/ftp.rb
 53% [616/1141]  lib/net/http.rb
 54% [617/1141]  lib/net/http/backward.rb
 54% [618/1141]  lib/net/http/exceptions.rb
 54% [619/1141]  lib/net/http/generic_request.rb
 54% [620/1141]  lib/net/http/header.rb
 54% [621/1141]  lib/net/http/proxy_delta.rb
 54% [622/1141]  lib/net/http/request.rb
 54% [623/1141]  lib/net/http/requests.rb
 54% [624/1141]  lib/net/http/response.rb
 54% [625/1141]  lib/net/http/responses.rb
 54% [626/1141]  lib/net/http/status.rb
 54% [627/1141]  lib/net/https.rb
 55% [628/1141]  lib/net/imap.rb
 55% [629/1141]  lib/net/pop.rb
 55% [630/1141]  lib/net/pop/version.rb
 55% [631/1141]  lib/net/protocol.rb
 55% [632/1141]  lib/net/smtp.rb
 55% [633/1141]  lib/net/smtp/version.rb
 55% [634/1141]  lib/observer.rb
 55% [635/1141]  lib/open-uri.rb
 55% [636/1141]  lib/open3.rb
 55% [637/1141]  lib/optionparser.rb
 55% [638/1141]  lib/optparse.rb
 56% [639/1141]  lib/optparse/ac.rb
 56% [640/1141]  lib/optparse/date.rb
 56% [641/1141]  lib/optparse/kwargs.rb
 56% [642/1141]  lib/optparse/shellwords.rb
 56% [643/1141]  lib/optparse/time.rb
 56% [644/1141]  lib/optparse/uri.rb
 56% [645/1141]  lib/optparse/version.rb
 56% [646/1141]  lib/ostruct.rb
 56% [647/1141]  lib/pp.rb
 56% [648/1141]  lib/prettyprint.rb
 56% [649/1141]  lib/prime.rb
 56% [650/1141]  lib/pstore.rb
 57% [651/1141]  lib/racc.rb
 57% [652/1141]  lib/racc/compat.rb
 57% [653/1141]  lib/racc/debugflags.rb
 57% [654/1141]  lib/racc/exception.rb
 57% [655/1141]  lib/racc/grammar.rb
 57% [656/1141]  lib/racc/grammarfileparser.rb
 57% [657/1141]  lib/racc/info.rb
 57% [658/1141]  lib/racc/iset.rb
 57% [659/1141]  lib/racc/logfilegenerator.rb
 57% [660/1141]  lib/racc/parser-text.rb
 57% [661/1141]  lib/racc/parser.rb
 58% [662/1141]  lib/racc/parserfilegenerator.rb
 58% [663/1141]  lib/racc/pre-setup
 58% [664/1141]  lib/racc/rdoc/grammar.en.rdoc
 58% [665/1141]  lib/racc/sourcetext.rb
 58% [666/1141]  lib/racc/state.rb
 58% [667/1141]  lib/racc/statetransitiontable.rb
 58% [668/1141]  lib/racc/static.rb
 58% [669/1141]  lib/rdoc.rb
 58% [670/1141]  lib/rdoc/alias.rb
 58% [671/1141]  lib/rdoc/anon_class.rb
 58% [672/1141]  lib/rdoc/any_method.rb
 58% [673/1141]  lib/rdoc/attr.rb
 59% [674/1141]  lib/rdoc/class_module.rb
 59% [675/1141]  lib/rdoc/code_object.rb
 59% [676/1141]  lib/rdoc/code_objects.rb
 59% [677/1141]  lib/rdoc/comment.rb
 59% [678/1141]  lib/rdoc/constant.rb
 59% [679/1141]  lib/rdoc/context.rb
 59% [680/1141]  lib/rdoc/cross_reference.rb
 59% [681/1141]  lib/rdoc/encoding.rb
 59% [682/1141]  lib/rdoc/erb_partial.rb
 59% [683/1141]  lib/rdoc/erbio.rb
 59% [684/1141]  lib/rdoc/extend.rb
 60% [685/1141]  lib/rdoc/generator.rb
 60% [686/1141]  lib/rdoc/ghost_method.rb
 60% [687/1141]  lib/rdoc/i18n.rb
 60% [688/1141]  lib/rdoc/include.rb
 60% [689/1141]  lib/rdoc/known_classes.rb
 60% [690/1141]  lib/rdoc/markdown.rb
 60% [691/1141]  lib/rdoc/markup.rb
 60% [692/1141]  lib/rdoc/meta_method.rb
 60% [693/1141]  lib/rdoc/method_attr.rb
 60% [694/1141]  lib/rdoc/mixin.rb
 60% [695/1141]  lib/rdoc/normal_class.rb
 60% [696/1141]  lib/rdoc/normal_module.rb
 61% [697/1141]  lib/rdoc/options.rb
 61% [698/1141]  lib/rdoc/parser.rb
 61% [699/1141]  lib/rdoc/parser/c.rb
 61% [700/1141]  lib/rdoc/parser/changelog.rb
 61% [701/1141]  lib/rdoc/parser/markdown.rb
 61% [702/1141]  lib/rdoc/parser/rd.rb
 61% [703/1141]  lib/rdoc/parser/ripper_state_lex.rb
 61% [704/1141]  lib/rdoc/parser/ruby.rb
 61% [705/1141]  lib/rdoc/parser/ruby_tools.rb
 61% [706/1141]  lib/rdoc/parser/simple.rb
 61% [707/1141]  lib/rdoc/parser/text.rb
 62% [708/1141]  lib/rdoc/rd.rb
 62% [709/1141]  lib/rdoc/rdoc.rb
 62% [710/1141]  lib/rdoc/require.rb
 62% [711/1141]  lib/rdoc/ri.rb
 62% [712/1141]  lib/rdoc/rubygems_hook.rb
 62% [713/1141]  lib/rdoc/servlet.rb
 62% [714/1141]  lib/rdoc/single_class.rb
 62% [715/1141]  lib/rdoc/stats.rb
 62% [716/1141]  lib/rdoc/store.rb
 62% [717/1141]  lib/rdoc/task.rb
 62% [718/1141]  lib/rdoc/text.rb
 63% [719/1141]  lib/rdoc/token_stream.rb
 63% [720/1141]  lib/rdoc/tom_doc.rb
 63% [721/1141]  lib/rdoc/top_level.rb
 63% [722/1141]  lib/rdoc/version.rb
 63% [723/1141]  lib/readline.rb
 63% [724/1141]  lib/reline.rb
 63% [725/1141]  lib/resolv-replace.rb
 63% [726/1141]  lib/resolv.rb
 63% [727/1141]  lib/rexml/attlistdecl.rb
 63% [728/1141]  lib/rexml/attribute.rb
 63% [729/1141]  lib/rexml/cdata.rb
 63% [730/1141]  lib/rexml/child.rb
 64% [731/1141]  lib/rexml/comment.rb
 64% [732/1141]  lib/rexml/doctype.rb
 64% [733/1141]  lib/rexml/document.rb
 64% [734/1141]  lib/rexml/dtd/attlistdecl.rb
 64% [735/1141]  lib/rexml/dtd/dtd.rb
 64% [736/1141]  lib/rexml/dtd/elementdecl.rb
 64% [737/1141]  lib/rexml/dtd/entitydecl.rb
 64% [738/1141]  lib/rexml/dtd/notationdecl.rb
 64% [739/1141]  lib/rexml/element.rb
 64% [740/1141]  lib/rexml/encoding.rb
 64% [741/1141]  lib/rexml/entity.rb
 65% [742/1141]  lib/rexml/formatters/default.rb
 65% [743/1141]  lib/rexml/formatters/pretty.rb
 65% [744/1141]  lib/rexml/formatters/transitive.rb
 65% [745/1141]  lib/rexml/functions.rb
 65% [746/1141]  lib/rexml/instruction.rb
 65% [747/1141]  lib/rexml/light/node.rb
 65% [748/1141]  lib/rexml/namespace.rb
 65% [749/1141]  lib/rexml/node.rb
 65% [750/1141]  lib/rexml/output.rb
 65% [751/1141]  lib/rexml/parent.rb
 65% [752/1141]  lib/rexml/parseexception.rb
 65% [753/1141]  lib/rexml/parsers/baseparser.rb
 66% [754/1141]  lib/rexml/parsers/lightparser.rb
 66% [755/1141]  lib/rexml/parsers/pullparser.rb
 66% [756/1141]  lib/rexml/parsers/sax2parser.rb
 66% [757/1141]  lib/rexml/parsers/streamparser.rb
 66% [758/1141]  lib/rexml/parsers/treeparser.rb
 66% [759/1141]  lib/rexml/parsers/ultralightparser.rb
 66% [760/1141]  lib/rexml/parsers/xpathparser.rb
 66% [761/1141]  lib/rexml/quickpath.rb
 66% [762/1141]  lib/rexml/rexml.rb
 66% [763/1141]  lib/rexml/sax2listener.rb
 66% [764/1141]  lib/rexml/security.rb
 67% [765/1141]  lib/rexml/source.rb
 67% [766/1141]  lib/rexml/streamlistener.rb
 67% [767/1141]  lib/rexml/text.rb
 67% [768/1141]  lib/rexml/undefinednamespaceexception.rb
 67% [769/1141]  lib/rexml/validation/relaxng.rb
 67% [770/1141]  lib/rexml/validation/validation.rb
 67% [771/1141]  lib/rexml/validation/validationexception.rb
 67% [772/1141]  lib/rexml/xmldecl.rb
 67% [773/1141]  lib/rexml/xmltokens.rb
 67% [774/1141]  lib/rexml/xpath.rb
 67% [775/1141]  lib/rexml/xpath_parser.rb
 68% [776/1141]  lib/rinda/rinda.rb
 68% [777/1141]  lib/rinda/ring.rb
 68% [778/1141]  lib/rinda/tuplespace.rb
 68% [779/1141]  lib/rss.rb
 68% [780/1141]  lib/rss/0.9.rb
 68% [781/1141]  lib/rss/1.0.rb
 68% [782/1141]  lib/rss/2.0.rb
 68% [783/1141]  lib/rss/atom.rb
 68% [784/1141]  lib/rss/content.rb
 68% [785/1141]  lib/rss/content/1.0.rb
 68% [786/1141]  lib/rss/content/2.0.rb
 68% [787/1141]  lib/rss/converter.rb
 69% [788/1141]  lib/rss/dublincore.rb
 69% [789/1141]  lib/rss/dublincore/1.0.rb
 69% [790/1141]  lib/rss/dublincore/2.0.rb
 69% [791/1141]  lib/rss/dublincore/atom.rb
 69% [792/1141]  lib/rss/image.rb
 69% [793/1141]  lib/rss/itunes.rb
 69% [794/1141]  lib/rss/maker.rb
 69% [795/1141]  lib/rss/maker/0.9.rb
 69% [796/1141]  lib/rss/maker/1.0.rb
 69% [797/1141]  lib/rss/maker/2.0.rb
 69% [798/1141]  lib/rss/maker/atom.rb
 70% [799/1141]  lib/rss/maker/base.rb
 70% [800/1141]  lib/rss/maker/content.rb
 70% [801/1141]  lib/rss/maker/dublincore.rb
 70% [802/1141]  lib/rss/maker/entry.rb
 70% [803/1141]  lib/rss/maker/feed.rb
 70% [804/1141]  lib/rss/maker/image.rb
 70% [805/1141]  lib/rss/maker/itunes.rb
 70% [806/1141]  lib/rss/maker/slash.rb
 70% [807/1141]  lib/rss/maker/syndication.rb
 70% [808/1141]  lib/rss/maker/taxonomy.rb
 70% [809/1141]  lib/rss/maker/trackback.rb
 70% [810/1141]  lib/rss/parser.rb
 71% [811/1141]  lib/rss/rexmlparser.rb
 71% [812/1141]  lib/rss/rss.rb
 71% [813/1141]  lib/rss/slash.rb
 71% [814/1141]  lib/rss/syndication.rb
 71% [815/1141]  lib/rss/taxonomy.rb
 71% [816/1141]  lib/rss/trackback.rb
 71% [817/1141]  lib/rss/utils.rb
 71% [818/1141]  lib/rss/version.rb
 71% [819/1141]  lib/rss/xml-stylesheet.rb
 71% [820/1141]  lib/rss/xml.rb
 71% [821/1141]  lib/rss/xmlparser.rb
 72% [822/1141]  lib/rss/xmlscanner.rb
 72% [823/1141]  lib/rubygems.rb
 72% [824/1141]  lib/rubygems/available_set.rb
 72% [825/1141]  lib/rubygems/basic_specification.rb
 72% [826/1141]  lib/rubygems/bundler_version_finder.rb
 72% [827/1141]  lib/rubygems/command.rb
 72% [828/1141]  lib/rubygems/command_manager.rb
 72% [829/1141]  lib/rubygems/commands/build_command.rb
 72% [830/1141]  lib/rubygems/commands/cert_command.rb
 72% [831/1141]  lib/rubygems/commands/check_command.rb
 72% [832/1141]  lib/rubygems/commands/cleanup_command.rb
 73% [833/1141]  lib/rubygems/commands/contents_command.rb
 73% [834/1141]  lib/rubygems/commands/dependency_command.rb
 73% [835/1141]  lib/rubygems/commands/environment_command.rb
 73% [836/1141]  lib/rubygems/commands/fetch_command.rb
 73% [837/1141]  lib/rubygems/commands/generate_index_command.rb
 73% [838/1141]  lib/rubygems/commands/help_command.rb
 73% [839/1141]  lib/rubygems/commands/info_command.rb
 73% [840/1141]  lib/rubygems/commands/install_command.rb
 73% [841/1141]  lib/rubygems/commands/list_command.rb
 73% [842/1141]  lib/rubygems/commands/lock_command.rb
 73% [843/1141]  lib/rubygems/commands/mirror_command.rb
 73% [844/1141]  lib/rubygems/commands/open_command.rb
 74% [845/1141]  lib/rubygems/commands/outdated_command.rb
 74% [846/1141]  lib/rubygems/commands/owner_command.rb
 74% [847/1141]  lib/rubygems/commands/pristine_command.rb
 74% [848/1141]  lib/rubygems/commands/push_command.rb
 74% [849/1141]  lib/rubygems/commands/query_command.rb
 74% [850/1141]  lib/rubygems/commands/rdoc_command.rb
 74% [851/1141]  lib/rubygems/commands/search_command.rb
 74% [852/1141]  lib/rubygems/commands/server_command.rb
 74% [853/1141]  lib/rubygems/commands/setup_command.rb
 74% [854/1141]  lib/rubygems/commands/signin_command.rb
 74% [855/1141]  lib/rubygems/commands/signout_command.rb
 75% [856/1141]  lib/rubygems/commands/sources_command.rb
 75% [857/1141]  lib/rubygems/commands/specification_command.rb
 75% [858/1141]  lib/rubygems/commands/stale_command.rb
 75% [859/1141]  lib/rubygems/commands/uninstall_command.rb
 75% [860/1141]  lib/rubygems/commands/unpack_command.rb
 75% [861/1141]  lib/rubygems/commands/update_command.rb
 75% [862/1141]  lib/rubygems/commands/which_command.rb
 75% [863/1141]  lib/rubygems/commands/yank_command.rb
 75% [864/1141]  lib/rubygems/compatibility.rb
 75% [865/1141]  lib/rubygems/config_file.rb
 75% [866/1141]  lib/rubygems/core_ext/kernel_gem.rb
 75% [867/1141]  lib/rubygems/core_ext/kernel_require.rb
 76% [868/1141]  lib/rubygems/core_ext/kernel_warn.rb
 76% [869/1141]  lib/rubygems/defaults.rb
 76% [870/1141]  lib/rubygems/dependency.rb
 76% [871/1141]  lib/rubygems/dependency_installer.rb
 76% [872/1141]  lib/rubygems/dependency_list.rb
 76% [873/1141]  lib/rubygems/deprecate.rb
 76% [874/1141]  lib/rubygems/doctor.rb
 76% [875/1141]  lib/rubygems/errors.rb
 76% [876/1141]  lib/rubygems/exceptions.rb
 76% [877/1141]  lib/rubygems/ext.rb
 76% [878/1141]  lib/rubygems/ext/build_error.rb
 77% [879/1141]  lib/rubygems/ext/builder.rb
 77% [880/1141]  lib/rubygems/ext/cmake_builder.rb
 77% [881/1141]  lib/rubygems/ext/configure_builder.rb
 77% [882/1141]  lib/rubygems/ext/ext_conf_builder.rb
 77% [883/1141]  lib/rubygems/ext/rake_builder.rb
 77% [884/1141]  lib/rubygems/gem_runner.rb
 77% [885/1141]  lib/rubygems/gemcutter_utilities.rb
 77% [886/1141]  lib/rubygems/indexer.rb
 77% [887/1141]  lib/rubygems/install_default_message.rb
 77% [888/1141]  lib/rubygems/install_message.rb
 77% [889/1141]  lib/rubygems/install_update_options.rb
 78% [890/1141]  lib/rubygems/installer.rb
 78% [891/1141]  lib/rubygems/installer_test_case.rb
 78% [892/1141]  lib/rubygems/local_remote_options.rb
 78% [893/1141]  lib/rubygems/mock_gem_ui.rb
 78% [894/1141]  lib/rubygems/name_tuple.rb
 78% [895/1141]  lib/rubygems/package.rb
 78% [896/1141]  lib/rubygems/package/digest_io.rb
 78% [897/1141]  lib/rubygems/package/file_source.rb
 78% [898/1141]  lib/rubygems/package/io_source.rb
 78% [899/1141]  lib/rubygems/package/old.rb
 78% [900/1141]  lib/rubygems/package/source.rb
 78% [901/1141]  lib/rubygems/package/tar_header.rb
 79% [902/1141]  lib/rubygems/package/tar_reader.rb
 79% [903/1141]  lib/rubygems/package/tar_reader/entry.rb
 79% [904/1141]  lib/rubygems/package/tar_test_case.rb
 79% [905/1141]  lib/rubygems/package/tar_writer.rb
 79% [906/1141]  lib/rubygems/package_task.rb
 79% [907/1141]  lib/rubygems/path_support.rb
 79% [908/1141]  lib/rubygems/platform.rb
 79% [909/1141]  lib/rubygems/psych_additions.rb
 79% [910/1141]  lib/rubygems/psych_tree.rb
 79% [911/1141]  lib/rubygems/rdoc.rb
 79% [912/1141]  lib/rubygems/remote_fetcher.rb
 80% [913/1141]  lib/rubygems/request.rb
 80% [914/1141]  lib/rubygems/request/connection_pools.rb
 80% [915/1141]  lib/rubygems/request/http_pool.rb
 80% [916/1141]  lib/rubygems/request/https_pool.rb
 80% [917/1141]  lib/rubygems/request_set.rb
 80% [918/1141]  lib/rubygems/request_set/gem_dependency_api.rb
 80% [919/1141]  lib/rubygems/request_set/lockfile.rb
 80% [920/1141]  lib/rubygems/request_set/lockfile/parser.rb
 80% [921/1141]  lib/rubygems/request_set/lockfile/tokenizer.rb
 80% [922/1141]  lib/rubygems/requirement.rb
 80% [923/1141]  lib/rubygems/resolver.rb
 80% [924/1141]  lib/rubygems/resolver/activation_request.rb
 81% [925/1141]  lib/rubygems/resolver/api_set.rb
 81% [926/1141]  lib/rubygems/resolver/api_specification.rb
 81% [927/1141]  lib/rubygems/resolver/best_set.rb
 81% [928/1141]  lib/rubygems/resolver/composed_set.rb
 81% [929/1141]  lib/rubygems/resolver/conflict.rb
 81% [930/1141]  lib/rubygems/resolver/current_set.rb
 81% [931/1141]  lib/rubygems/resolver/dependency_request.rb
 81% [932/1141]  lib/rubygems/resolver/git_set.rb
 81% [933/1141]  lib/rubygems/resolver/git_specification.rb
 81% [934/1141]  lib/rubygems/resolver/index_set.rb
 81% [935/1141]  lib/rubygems/resolver/index_specification.rb
 82% [936/1141]  lib/rubygems/resolver/installed_specification.rb
 82% [937/1141]  lib/rubygems/resolver/installer_set.rb
 82% [938/1141]  lib/rubygems/resolver/local_specification.rb
 82% [939/1141]  lib/rubygems/resolver/lock_set.rb
 82% [940/1141]  lib/rubygems/resolver/lock_specification.rb
 82% [941/1141]  lib/rubygems/resolver/molinillo.rb
 82% [942/1141]  lib/rubygems/resolver/molinillo/lib/molinillo.rb
 82% [943/1141]  lib/rubygems/resolver/molinillo/lib/molinillo/delegates/resolution_state.rb
 82% [944/1141]  lib/rubygems/resolver/molinillo/lib/molinillo/delegates/specification_provider.rb
 82% [945/1141]  lib/rubygems/resolver/molinillo/lib/molinillo/dependency_graph.rb
 82% [946/1141]  lib/rubygems/resolver/molinillo/lib/molinillo/dependency_graph/action.rb
 82% [947/1141]  lib/rubygems/resolver/molinillo/lib/molinillo/dependency_graph/add_edge_no_circular.rb
 83% [948/1141]  lib/rubygems/resolver/molinillo/lib/molinillo/dependency_graph/add_vertex.rb
 83% [949/1141]  lib/rubygems/resolver/molinillo/lib/molinillo/dependency_graph/delete_edge.rb
 83% [950/1141]  lib/rubygems/resolver/molinillo/lib/molinillo/dependency_graph/detach_vertex_named.rb
 83% [951/1141]  lib/rubygems/resolver/molinillo/lib/molinillo/dependency_graph/log.rb
 83% [952/1141]  lib/rubygems/resolver/molinillo/lib/molinillo/dependency_graph/set_payload.rb
 83% [953/1141]  lib/rubygems/resolver/molinillo/lib/molinillo/dependency_graph/tag.rb
 83% [954/1141]  lib/rubygems/resolver/molinillo/lib/molinillo/dependency_graph/vertex.rb
 83% [955/1141]  lib/rubygems/resolver/molinillo/lib/molinillo/errors.rb
 83% [956/1141]  lib/rubygems/resolver/molinillo/lib/molinillo/gem_metadata.rb
 83% [957/1141]  lib/rubygems/resolver/molinillo/lib/molinillo/modules/specification_provider.rb
 83% [958/1141]  lib/rubygems/resolver/molinillo/lib/molinillo/modules/ui.rb
 84% [959/1141]  lib/rubygems/resolver/molinillo/lib/molinillo/resolution.rb
 84% [960/1141]  lib/rubygems/resolver/molinillo/lib/molinillo/resolver.rb
 84% [961/1141]  lib/rubygems/resolver/molinillo/lib/molinillo/state.rb
 84% [962/1141]  lib/rubygems/resolver/requirement_list.rb
 84% [963/1141]  lib/rubygems/resolver/set.rb
 84% [964/1141]  lib/rubygems/resolver/source_set.rb
 84% [965/1141]  lib/rubygems/resolver/spec_specification.rb
 84% [966/1141]  lib/rubygems/resolver/specification.rb
 84% [967/1141]  lib/rubygems/resolver/stats.rb
 84% [968/1141]  lib/rubygems/resolver/vendor_set.rb
 84% [969/1141]  lib/rubygems/resolver/vendor_specification.rb
 85% [970/1141]  lib/rubygems/s3_uri_signer.rb
 85% [971/1141]  lib/rubygems/safe_yaml.rb
 85% [972/1141]  lib/rubygems/security.rb
 85% [973/1141]  lib/rubygems/security/policies.rb
 85% [974/1141]  lib/rubygems/security/policy.rb
 85% [975/1141]  lib/rubygems/security/signer.rb
 85% [976/1141]  lib/rubygems/security/trust_dir.rb
 85% [977/1141]  lib/rubygems/security_option.rb
 85% [978/1141]  lib/rubygems/server.rb
 85% [979/1141]  lib/rubygems/source.rb
 85% [980/1141]  lib/rubygems/source/git.rb
 85% [981/1141]  lib/rubygems/source/installed.rb
 86% [982/1141]  lib/rubygems/source/local.rb
 86% [983/1141]  lib/rubygems/source/lock.rb
 86% [984/1141]  lib/rubygems/source/specific_file.rb
 86% [985/1141]  lib/rubygems/source/vendor.rb
 86% [986/1141]  lib/rubygems/source_list.rb
 86% [987/1141]  lib/rubygems/source_local.rb
 86% [988/1141]  lib/rubygems/source_specific_file.rb
 86% [989/1141]  lib/rubygems/spec_fetcher.rb
 86% [990/1141]  lib/rubygems/specification.rb
 86% [991/1141]  lib/rubygems/specification_policy.rb
 86% [992/1141]  lib/rubygems/stub_specification.rb
 87% [993/1141]  lib/rubygems/syck_hack.rb
 87% [994/1141]  lib/rubygems/test_case.rb
 87% [995/1141]  lib/rubygems/test_utilities.rb
 87% [996/1141]  lib/rubygems/text.rb
 87% [997/1141]  lib/rubygems/uninstaller.rb
 87% [998/1141]  lib/rubygems/uri_formatter.rb
 87% [999/1141]  lib/rubygems/uri_parser.rb
 87% [1000/1141]  lib/rubygems/uri_parsing.rb
 87% [1001/1141]  lib/rubygems/user_interaction.rb
 87% [1002/1141]  lib/rubygems/util.rb
 87% [1003/1141]  lib/rubygems/util/licenses.rb
 87% [1004/1141]  lib/rubygems/util/list.rb
 88% [1005/1141]  lib/rubygems/validator.rb
 88% [1006/1141]  lib/rubygems/version.rb
 88% [1007/1141]  lib/rubygems/version_option.rb
 88% [1008/1141]  lib/securerandom.rb
 88% [1009/1141]  lib/set.rb
 88% [1010/1141]  lib/shellwords.rb
 88% [1011/1141]  lib/singleton.rb
 88% [1012/1141]  lib/tempfile.rb
 88% [1013/1141]  lib/time.rb
 88% [1014/1141]  lib/timeout.rb
 88% [1015/1141]  lib/tmpdir.rb
 89% [1016/1141]  lib/tracer.rb
 89% [1017/1141]  lib/tsort.rb
 89% [1018/1141]  lib/un.rb
 89% [1019/1141]  lib/unicode_normalize/normalize.rb
 89% [1020/1141]  lib/unicode_normalize/tables.rb
 89% [1021/1141]  lib/uri.rb
 89% [1022/1141]  lib/uri/common.rb
 89% [1023/1141]  lib/uri/file.rb
 89% [1024/1141]  lib/uri/ftp.rb
 89% [1025/1141]  lib/uri/generic.rb
 89% [1026/1141]  lib/uri/http.rb
 90% [1027/1141]  lib/uri/https.rb
 90% [1028/1141]  lib/uri/ldap.rb
 90% [1029/1141]  lib/uri/ldaps.rb
 90% [1030/1141]  lib/uri/mailto.rb
 90% [1031/1141]  lib/uri/rfc2396_parser.rb
 90% [1032/1141]  lib/uri/rfc3986_parser.rb
 90% [1033/1141]  lib/uri/version.rb
 90% [1034/1141]  lib/weakref.rb
 90% [1035/1141]  lib/webrick.rb
 90% [1036/1141]  lib/webrick/accesslog.rb
 90% [1037/1141]  lib/webrick/cgi.rb
 90% [1038/1141]  lib/webrick/compat.rb
 91% [1039/1141]  lib/webrick/config.rb
 91% [1040/1141]  lib/webrick/cookie.rb
 91% [1041/1141]  lib/webrick/htmlutils.rb
 91% [1042/1141]  lib/webrick/httpauth.rb
 91% [1043/1141]  lib/webrick/httpauth/authenticator.rb
 91% [1044/1141]  lib/webrick/httpauth/basicauth.rb
 91% [1045/1141]  lib/webrick/httpauth/digestauth.rb
 91% [1046/1141]  lib/webrick/httpauth/htdigest.rb
 91% [1047/1141]  lib/webrick/httpauth/htgroup.rb
 91% [1048/1141]  lib/webrick/httpauth/htpasswd.rb
 91% [1049/1141]  lib/webrick/httpauth/userdb.rb
 92% [1050/1141]  lib/webrick/httpproxy.rb
 92% [1051/1141]  lib/webrick/httprequest.rb
 92% [1052/1141]  lib/webrick/httpresponse.rb
 92% [1053/1141]  lib/webrick/https.rb
 92% [1054/1141]  lib/webrick/httpserver.rb
 92% [1055/1141]  lib/webrick/httpservlet.rb
 92% [1056/1141]  lib/webrick/httpservlet/abstract.rb
 92% [1057/1141]  lib/webrick/httpservlet/cgi_runner.rb
 92% [1058/1141]  lib/webrick/httpservlet/cgihandler.rb
 92% [1059/1141]  lib/webrick/httpservlet/erbhandler.rb
 92% [1060/1141]  lib/webrick/httpservlet/filehandler.rb
 92% [1061/1141]  lib/webrick/httpservlet/prochandler.rb
 93% [1062/1141]  lib/webrick/httpstatus.rb
 93% [1063/1141]  lib/webrick/httputils.rb
 93% [1064/1141]  lib/webrick/httpversion.rb
 93% [1065/1141]  lib/webrick/log.rb
 93% [1066/1141]  lib/webrick/server.rb
 93% [1067/1141]  lib/webrick/ssl.rb
 93% [1068/1141]  lib/webrick/utils.rb
 93% [1069/1141]  lib/webrick/version.rb
 93% [1070/1141]  lib/yaml.rb
 93% [1071/1141]  lib/yaml/dbm.rb
 93% [1072/1141]  lib/yaml/store.rb
 94% [1073/1141]  load.c
 94% [1074/1141]  loadpath.c
 94% [1075/1141]  localeinit.c
 94% [1076/1141]  main.c
 94% [1077/1141]  marshal.c
 94% [1078/1141]  math.c
 94% [1079/1141]  mini_builtin.c
 94% [1080/1141]  miniinit.c
 94% [1081/1141]  miniprelude.c
 94% [1082/1141]  mjit.c
 94% [1083/1141]  mjit_compile.c
 95% [1084/1141]  mjit_worker.c
 95% [1085/1141]  node.c
 95% [1086/1141]  numeric.c
 95% [1087/1141]  object.c
 95% [1088/1141]  pack.c
 95% [1089/1141]  pack.rb
 95% [1090/1141]  parse.c
 95% [1091/1141]  parse.y
 95% [1092/1141]  prelude.rb
 95% [1093/1141]  proc.c
 95% [1094/1141]  process.c
 95% [1095/1141]  random.c
 96% [1096/1141]  range.c
 96% [1097/1141]  rational.c
 96% [1098/1141]  rbconfig.rb
 96% [1099/1141]  re.c
 96% [1100/1141]  regcomp.c
 96% [1101/1141]  regenc.c
 96% [1102/1141]  regerror.c
 96% [1103/1141]  regexec.c
 96% [1104/1141]  regparse.c
 96% [1105/1141]  regsyntax.c
 96% [1106/1141]  ruby-runner.c
 97% [1107/1141]  ruby.c
 97% [1108/1141]  rubystub.c
 97% [1109/1141]  safe.c
 97% [1110/1141]  signal.c
 97% [1111/1141]  siphash.c
 97% [1112/1141]  sparc.c
 97% [1113/1141]  sprintf.c
 97% [1114/1141]  st.c
 97% [1115/1141]  strftime.c
 97% [1116/1141]  string.c
 97% [1117/1141]  struct.c
 97% [1118/1141]  symbol.c
 98% [1119/1141]  thread.c
 98% [1120/1141]  thread_pthread.c
 98% [1121/1141]  thread_sync.c
 98% [1122/1141]  thread_win32.c
 98% [1123/1141]  time.c
 98% [1124/1141]  trace_point.rb
 98% [1125/1141]  transcode.c
 98% [1126/1141]  transient_heap.c
 98% [1127/1141]  util.c
 98% [1128/1141]  variable.c
 98% [1129/1141]  version.c
 99% [1130/1141]  vm.c
 99% [1131/1141]  vm_args.c
 99% [1132/1141]  vm_backtrace.c
 99% [1133/1141]  vm_dump.c
 99% [1134/1141]  vm_eval.c
 99% [1135/1141]  vm_exec.c
 99% [1136/1141]  vm_insnhelper.c
 99% [1137/1141]  vm_method.c
 99% [1138/1141]  vm_trace.c
 99% [1139/1141]  vsnprintf.c
 99% [1140/1141]  warning.rb
100% [1141/1141]  win32/README.win32

Generating RI format into /opt/ruby/archive/source/ruby-2.7.1/.ext/rdoc...


  Files:       1141

  Classes:     1614 ( 758 undocumented)
  Modules:      327 ( 134 undocumented)
  Constants:   2435 ( 726 undocumented)
  Attributes:  1488 ( 559 undocumented)
  Methods:    13019 (3991 undocumented)

  Total:      18883 (6168 undocumented)
   67.34% documented

  Elapsed: 16.5s

./miniruby -I./lib -I. -I.ext/common  ./tool/runruby.rb --extout=.ext  -- --disable-gems -r./x86_64-linux-fake ./tool/rbinstall.rb --make="make" --dest-dir="" --extout=".ext" --mflags="" --make-flags="" --data-mode=0644 --prog-mode=0755 --installed-list .installed.list --mantype="doc" --rdoc-output=".ext/rdoc" --html-output=".ext/html"
installing binary commands:         /opt/ruby/bin
installing base libraries:          /opt/ruby/lib
installing arch files:              /opt/ruby/lib/ruby/2.7.0/x86_64-linux
installing pkgconfig data:          /opt/ruby/lib/pkgconfig
installing extension objects:       /opt/ruby/lib/ruby/2.7.0/x86_64-linux
installing extension objects:       /opt/ruby/lib/ruby/site_ruby/2.7.0/x86_64-linux
installing extension objects:       /opt/ruby/lib/ruby/vendor_ruby/2.7.0/x86_64-linux
installing extension headers:       /opt/ruby/include/ruby-2.7.0/x86_64-linux
installing extension scripts:       /opt/ruby/lib/ruby/2.7.0
installing extension scripts:       /opt/ruby/lib/ruby/site_ruby/2.7.0
installing extension scripts:       /opt/ruby/lib/ruby/vendor_ruby/2.7.0
installing extension headers:       /opt/ruby/include/ruby-2.7.0/ruby
installing rdoc:                    /opt/ruby/share/ri/2.7.0/system
installing html-docs:               /opt/ruby/share/doc/ruby
installing capi-docs:               /opt/ruby/share/doc/ruby
installing command scripts:         /opt/ruby/bin
installing library scripts:         /opt/ruby/lib/ruby/2.7.0
installing common headers:          /opt/ruby/include/ruby-2.7.0
installing manpages:                /opt/ruby/share/man (man1, man5)
installing default gems from lib:   /opt/ruby/lib/ruby/gems/2.7.0 (build_info, cache, doc, extensions, gems, specifications)
                                    benchmark 0.1.0
                                    bundler 2.1.4
                                    cgi 0.1.0
                                    csv 3.1.2
                                    delegate 0.1.0
                                    did_you_mean 1.4.0
                                    fileutils 1.4.1
                                    forwardable 1.3.1
                                    getoptlong 0.1.0
                                    ipaddr 1.2.2
                                    irb 1.2.3
                                    logger 1.4.2
                                    matrix 0.2.0
                                    mutex_m 0.1.0
                                    net-pop 0.1.0
                                    net-smtp 0.1.0
                                    observer 0.1.0
                                    open3 0.1.0
                                    ostruct 0.2.0
                                    prime 0.1.1
                                    pstore 0.1.0
                                    racc 1.4.16
                                    rdoc 6.2.1
                                    readline 0.0.2
                                    reline 0.1.3
                                    rexml 3.2.3
                                    rss 0.2.8
                                    singleton 0.1.0
                                    timeout 0.1.0
                                    tracer 0.1.0
                                    uri 0.10.0
                                    webrick 1.6.0
                                    yaml 0.1.0
installing default gems from ext:   /opt/ruby/lib/ruby/gems/2.7.0 (build_info, cache, doc, extensions, gems, specifications)
                                    bigdecimal 2.0.0
                                    date 3.0.0
                                    etc 1.1.0
                                    fcntl 1.0.0
                                    fiddle 1.0.0
                                    gdbm 2.1.0
                                    io-console 0.5.6
                                    json 2.3.0
                                    openssl 2.1.2
                                    psych 3.1.0
                                    sdbm 1.0.0
                                    stringio 0.1.0
                                    strscan 1.0.3
                                    zlib 1.1.0
installing bundled gems:            /opt/ruby/lib/ruby/gems/2.7.0 (build_info, cache, doc, extensions, gems, specifications)
                                    net-telnet 0.2.0
                                    xmlrpc 0.3.0
                                    power_assert 1.1.7
                                    rake 13.0.1
                                    test-unit 3.3.4
                                    minitest 5.13.0
